g:\colamanengine\dx3d12\bin-int\debug-x64\cm_engine\vc142.pdb
g:\colamanengine\dx3d12\bin-int\debug-x64\cm_engine\vc142.idb
g:\colamanengine\dx3d12\bin-int\debug-x64\cm_engine\test.obj
g:\colamanengine\dx3d12\bin-int\debug-x64\cm_engine\main.obj
g:\colamanengine\dx3d12\bin-int\debug-x64\cm_engine\shapesapp.obj
g:\colamanengine\dx3d12\bin-int\debug-x64\cm_engine\boxapp.obj
g:\colamanengine\dx3d12\bin-int\debug-x64\cm_engine\mathhelper.obj
g:\colamanengine\dx3d12\bin-int\debug-x64\cm_engine\geometrygenerator.obj
g:\colamanengine\dx3d12\bin-int\debug-x64\cm_engine\gametimer.obj
g:\colamanengine\dx3d12\bin-int\debug-x64\cm_engine\d3dutil.obj
g:\colamanengine\dx3d12\bin-int\debug-x64\cm_engine\d3dapp.obj
g:\colamanengine\dx3d12\bin-int\debug-x64\cm_engine\application.obj
g:\colamanengine\dx3d12\bin\debug-x64\cm_engine\cm_engine.lib
g:\colamanengine\dx3d12\bin\debug-x64\cm_engine\cm_engine.exp
g:\colamanengine\dx3d12\bin\debug-x64\cm_engine\color.cso
g:\colamanengine\dx3d12\bin\debug-x64\cm_engine\cm_engine.dll
g:\colamanengine\dx3d12\bin-int\debug-x64\cm_engine\cm_engine.ilk
g:\colamanengine\dx3d12\bin\debug-x64\cm_engine\cm_engine.pdb
g:\colamanengine\dx3d12\bin-int\debug-x64\cm_engine\cm_engine.tlog\cl.command.1.tlog
g:\colamanengine\dx3d12\bin-int\debug-x64\cm_engine\cm_engine.tlog\cl.read.1.tlog
g:\colamanengine\dx3d12\bin-int\debug-x64\cm_engine\cm_engine.tlog\cl.write.1.tlog
g:\colamanengine\dx3d12\bin-int\debug-x64\cm_engine\cm_engine.tlog\cm_engine.write.1u.tlog
g:\colamanengine\dx3d12\bin-int\debug-x64\cm_engine\cm_engine.tlog\fxc.command.1.tlog
g:\colamanengine\dx3d12\bin-int\debug-x64\cm_engine\cm_engine.tlog\fxc.read.1.tlog
g:\colamanengine\dx3d12\bin-int\debug-x64\cm_engine\cm_engine.tlog\fxc.write.1.tlog
g:\colamanengine\dx3d12\bin-int\debug-x64\cm_engine\cm_engine.tlog\link.15028.delete.1.tlog
g:\colamanengine\dx3d12\bin-int\debug-x64\cm_engine\cm_engine.tlog\link.command.1.tlog
g:\colamanengine\dx3d12\bin-int\debug-x64\cm_engine\cm_engine.tlog\link.read.1.tlog
g:\colamanengine\dx3d12\bin-int\debug-x64\cm_engine\cm_engine.tlog\link.write.1.tlog
